2021-01-16 13:12:24,720 INFO org.springframework.boot.StartupInfoLogger [main] Starting SpringLogDemoApplication using Java 15 on RAGHAV with PID 9548 (C:\Java Projects\SpringLogDemo\springLogDemo\target\classes started by RAGHAV PC in C:\Java Projects\SpringLogDemo\springLogDemo)
2021-01-16 13:12:24,727 INFO org.springframework.boot.SpringApplication [main] No active profile set, falling back to default profiles: default
2021-01-16 13:12:27,070 INFO org.springframework.boot.web.embedded.tomcat.TomcatWebServer [main] Tomcat initialized with port(s): 8080 (http)
2021-01-16 13:12:27,088 INFO org.apache.juli.logging.DirectJDKLog [main] Initializing ProtocolHandler ["http-nio-8080"]
2021-01-16 13:12:27,090 INFO org.apache.juli.logging.DirectJDKLog [main] Starting service [Tomcat]
2021-01-16 13:12:27,090 INFO org.apache.juli.logging.DirectJDKLog [main] Starting Servlet engine: [Apache Tomcat/9.0.41]
2021-01-16 13:12:27,275 INFO org.apache.juli.logging.DirectJDKLog [main] Initializing Spring embedded WebApplicationContext
2021-01-16 13:12:27,276 INFO org.springframework.boot.web.servlet.context.ServletWebServerApplicationContext [main] Root WebApplicationContext: initialization completed in 2402 ms
2021-01-16 13:12:27,950 INFO org.springframework.scheduling.concurrent.ExecutorConfigurationSupport [main] Initializing ExecutorService 'applicationTaskExecutor'
2021-01-16 13:12:28,482 INFO org.apache.juli.logging.DirectJDKLog [main] Starting ProtocolHandler ["http-nio-8080"]
2021-01-16 13:12:28,553 INFO org.springframework.boot.web.embedded.tomcat.TomcatWebServer [main] Tomcat started on port(s): 8080 (http) with context path ''
2021-01-16 13:12:28,575 INFO org.springframework.boot.StartupInfoLogger [main] Started SpringLogDemoApplication in 4.889 seconds (JVM running for 5.889)
2021-01-16 13:12:57,997 INFO org.apache.juli.logging.DirectJDKLog [http-nio-8080-exec-1] Initializing Spring DispatcherServlet 'dispatcherServlet'
2021-01-16 13:12:57,999 INFO org.springframework.web.servlet.FrameworkServlet [http-nio-8080-exec-1] Initializing Servlet 'dispatcherServlet'
2021-01-16 13:12:58,010 INFO org.springframework.web.servlet.FrameworkServlet [http-nio-8080-exec-1] Completed initialization in 5 ms
2021-01-16 13:12:58,085 INFO com.raghav.springLogDemo.controller.LogController [http-nio-8080-exec-1] logged info message from controller
2021-01-16 13:12:58,089 WARN com.raghav.springLogDemo.controller.LogController [http-nio-8080-exec-1] logged warn message from controller
2021-01-16 13:12:58,090 INFO com.raghav.springLogDemo.service.LogService [http-nio-8080-exec-1] logged message in service
2021-01-16 13:16:12,149 INFO com.raghav.springLogDemo.controller.LogController [http-nio-8080-exec-1] logged info message from controller
2021-01-16 13:16:12,150 WARN com.raghav.springLogDemo.controller.LogController [http-nio-8080-exec-1] logged warn message from controller
2021-01-16 13:23:57,929 INFO com.raghav.springLogDemo.controller.LogController [http-nio-8080-exec-1] logged info message from controller
2021-01-16 13:23:57,930 WARN com.raghav.springLogDemo.controller.LogController [http-nio-8080-exec-1] logged warn message from controller
2021-01-16 13:23:57,931 TRACE com.raghav.springLogDemo.controller.LogController [http-nio-8080-exec-1] logged trace message in controller
2021-01-16 13:23:57,932 DEBUG com.raghav.springLogDemo.controller.LogController [http-nio-8080-exec-1] logged debug message in controller
2021-01-16 13:23:57,933 ERROR com.raghav.springLogDemo.controller.LogController [http-nio-8080-exec-1] logged error message in controller
